[ 2024-11-17 18:02:31,266 ] 12 src.logger.custom_logging - INFO - >>>>>> stage Data Ingestion stage started <<<<<<
[ 2024-11-17 18:02:31,267 ] 45 src.logger.custom_logging - INFO - yaml file: config/config.yaml loaded successfully
[ 2024-11-17 18:02:31,268 ] 45 src.logger.custom_logging - INFO - yaml file: params.yaml loaded successfully
[ 2024-11-17 18:02:31,268 ] 65 src.logger.custom_logging - INFO - created directory at: artifacts
[ 2024-11-17 18:02:31,268 ] 65 src.logger.custom_logging - INFO - created directory at: artifacts/data_ingestion
[ 2024-11-17 18:02:31,272 ] 28 src.logger.custom_logging - INFO - Data Ingestion Started
[ 2024-11-17 18:02:31,317 ] 39 src.logger.custom_logging - INFO - Data Ingestion finished
[ 2024-11-17 18:02:31,317 ] 15 src.logger.custom_logging - INFO - >>>>>> stage Data Ingestion stage completed <<<<<<

x==========x
[ 2024-11-17 18:02:31,317 ] 12 src.logger.custom_logging - INFO - >>>>>> stage Data Transformation stage started <<<<<<
[ 2024-11-17 18:02:31,318 ] 45 src.logger.custom_logging - INFO - yaml file: config/config.yaml loaded successfully
[ 2024-11-17 18:02:31,319 ] 45 src.logger.custom_logging - INFO - yaml file: params.yaml loaded successfully
[ 2024-11-17 18:02:31,319 ] 65 src.logger.custom_logging - INFO - created directory at: artifacts
[ 2024-11-17 18:02:31,319 ] 65 src.logger.custom_logging - INFO - created directory at: artifacts/data_transformation
[ 2024-11-17 18:02:31,319 ] 16 src.logger.custom_logging - INFO - Data Transformation started
[ 2024-11-17 18:02:31,319 ] 21 src.logger.custom_logging - INFO - In funciton
[ 2024-11-17 18:02:31,332 ] 21 src.logger.custom_logging - INFO - In funciton
[ 2024-11-17 18:02:31,332 ] 88 src.logger.custom_logging - INFO - Splitting train data into dependent and independent features
[ 2024-11-17 18:02:31,333 ] 94 src.logger.custom_logging - INFO - Splitting test data into dependent and independent features
[ 2024-11-17 18:02:31,490 ] 15 src.logger.custom_logging - INFO - >>>>>> stage Data Transformation stage completed <<<<<<

x==========x
[ 2024-11-17 18:02:31,490 ] 12 src.logger.custom_logging - INFO - >>>>>> stage Model Trainer stage started <<<<<<
[ 2024-11-17 18:02:31,491 ] 45 src.logger.custom_logging - INFO - yaml file: config/config.yaml loaded successfully
[ 2024-11-17 18:02:31,492 ] 45 src.logger.custom_logging - INFO - yaml file: params.yaml loaded successfully
[ 2024-11-17 18:02:31,492 ] 65 src.logger.custom_logging - INFO - created directory at: artifacts
[ 2024-11-17 18:02:31,492 ] 65 src.logger.custom_logging - INFO - created directory at: artifacts/model_trainer
[ 2024-11-17 18:02:31,515 ] 131 src.logger.custom_logging - INFO - Starting RandomizedSearchCV for Random Forest
[ 2024-11-17 18:02:37,510 ] 136 src.logger.custom_logging - INFO - Best parameters for Random Forest: {}
[ 2024-11-17 18:02:39,662 ] 131 src.logger.custom_logging - INFO - Starting RandomizedSearchCV for SVR
[ 2024-11-17 18:02:40,625 ] 136 src.logger.custom_logging - INFO - Best parameters for SVR: {}
[ 2024-11-17 18:02:40,859 ] 49 src.logger.custom_logging - INFO - Model Report: {'Random Forest': 0.9114475950368998, 'SVR': -0.10865270007595074}
[ 2024-11-17 18:02:40,859 ] 58 src.logger.custom_logging - INFO - Best model found, Model Name is Random Forest, Accuracy Score: 0.9114475950368998
[ 2024-11-17 18:02:40,874 ] 15 src.logger.custom_logging - INFO - >>>>>> stage Model Trainer stage completed <<<<<<

x==========x
[ 2024-11-17 18:02:40,875 ] 12 src.logger.custom_logging - INFO - >>>>>> stage Model Evaluation stage started <<<<<<
[ 2024-11-17 18:02:40,875 ] 17 src.logger.custom_logging - ERROR - ConfigManager.eval_config() missing 1 required positional argument: 'self'
Traceback (most recent call last):
  File "/Users/akashmukherjee/Programming/Practise ML/House_price_prediction/main.py", line 14, in run_stage
    pipeline.main()
  File "/Users/akashmukherjee/Programming/Practise ML/House_price_prediction/src/pipeline/stage_04_model_evaluation.py", line 25, in main
    raise e
  File "/Users/akashmukherjee/Programming/Practise ML/House_price_prediction/src/pipeline/stage_04_model_evaluation.py", line 20, in main
    eval_confg = config.eval_config()
                 ^^^^^^^^^^^^^^^^^^^^
TypeError: ConfigManager.eval_config() missing 1 required positional argument: 'self'
